[0.017s] Invoking command in '/home/pan/dev_ws/build/articubot_one': /usr/bin/cmake /home/pan/dev_ws/src/articubot_ONE -DAMENT_CMAKE_SYMLINK_INSTALL=1 -DCMAKE_INSTALL_PREFIX=/home/pan/dev_ws/install/articubot_one
[0.073s] -- The C compiler identification is GNU 9.4.0
[0.138s] -- The CXX compiler identification is GNU 9.4.0
[0.143s] -- Check for working C compiler: /usr/bin/cc
[0.251s] -- Check for working C compiler: /usr/bin/cc -- works
[0.252s] -- Detecting C compiler ABI info
[0.361s] -- Detecting C compiler ABI info - done
[0.374s] -- Detecting C compile features
[0.376s] -- Detecting C compile features - done
[0.381s] -- Check for working CXX compiler: /usr/bin/c++
[0.520s] -- Check for working CXX compiler: /usr/bin/c++ -- works
[0.520s] -- Detecting CXX compiler ABI info
[0.658s] -- Detecting CXX compiler ABI info - done
[0.673s] -- Detecting CXX compile features
[0.673s] -- Detecting CXX compile features - done
[0.679s] -- Configuring incomplete, errors occurred!
[0.679s] See also "/home/pan/dev_ws/build/articubot_one/CMakeFiles/CMakeOutput.log".
[0.680s] CMake Error at CMakeLists.txt:19 (find_package):
[0.680s]   By not providing "Findament_cmake.cmake" in CMAKE_MODULE_PATH this project
[0.680s]   has asked CMake to find a package configuration file provided by
[0.680s]   "ament_cmake", but CMake did not find one.
[0.680s] 
[0.680s]   Could not find a package configuration file provided by "ament_cmake" with
[0.680s]   any of the following names:
[0.680s] 
[0.680s]     ament_cmakeConfig.cmake
[0.680s]     ament_cmake-config.cmake
[0.680s] 
[0.681s]   Add the installation prefix of "ament_cmake" to CMAKE_PREFIX_PATH or set
[0.681s]   "ament_cmake_DIR" to a directory containing one of the above files.  If
[0.681s]   "ament_cmake" provides a separate development package or SDK, be sure it
[0.681s]   has been installed.
[0.681s] 
[0.681s] 
[0.681s] Invoked command in '/home/pan/dev_ws/build/articubot_one' returned '1': /usr/bin/cmake /home/pan/dev_ws/src/articubot_ONE -DAMENT_CMAKE_SYMLINK_INSTALL=1 -DCMAKE_INSTALL_PREFIX=/home/pan/dev_ws/install/articubot_one
