[0.011s] Invoking command in '/home/pan/dev_ws/articubot_one/build/articubot_one': CMAKE_PREFIX_PATH=/opt/ros/foxy /usr/bin/cmake /home/pan/dev_ws/articubot_one/src/articubot_one -DAMENT_CMAKE_SYMLINK_INSTALL=1 -DCMAKE_INSTALL_PREFIX=/home/pan/dev_ws/articubot_one/install/articubot_one
[0.025s] -- Found ament_cmake: 0.9.12 (/opt/ros/foxy/share/ament_cmake/cmake)
[0.046s] -- Found PythonInterp: /usr/bin/python3 (found suitable version "3.8.10", minimum required is "3") 
[0.046s] -- Using PYTHON_EXECUTABLE: /usr/bin/python3
[0.368s] -- Override CMake install command with custom implementation using symlinks instead of copying resources
[0.420s] -- Found ament_lint_auto: 0.9.8 (/opt/ros/foxy/share/ament_lint_auto/cmake)
[0.507s] -- Added test 'copyright' to check source files copyright and LICENSE
[0.510s] -- Added test 'flake8' to check Python code syntax and style conventions
[0.511s] -- Added test 'lint_cmake' to check CMake code style
[0.511s] -- Added test 'pep257' to check Python code against some of the style conventions in PEP 257
[0.513s] -- Added test 'xmllint' to check XML markup files
[0.515s] -- Configuring done
[0.516s] -- Generating done
[0.519s] -- Build files have been written to: /home/pan/dev_ws/articubot_one/build/articubot_one
[0.521s] Invoked command in '/home/pan/dev_ws/articubot_one/build/articubot_one' returned '0': CMAKE_PREFIX_PATH=/opt/ros/foxy /usr/bin/cmake /home/pan/dev_ws/articubot_one/src/articubot_one -DAMENT_CMAKE_SYMLINK_INSTALL=1 -DCMAKE_INSTALL_PREFIX=/home/pan/dev_ws/articubot_one/install/articubot_one
[0.523s] Invoking command in '/home/pan/dev_ws/articubot_one/build/articubot_one': CMAKE_PREFIX_PATH=/opt/ros/foxy /usr/bin/cmake --build /home/pan/dev_ws/articubot_one/build/articubot_one -- -j4 -l4
[0.577s] Invoked command in '/home/pan/dev_ws/articubot_one/build/articubot_one' returned '0': CMAKE_PREFIX_PATH=/opt/ros/foxy /usr/bin/cmake --build /home/pan/dev_ws/articubot_one/build/articubot_one -- -j4 -l4
[0.645s] Invoking command in '/home/pan/dev_ws/articubot_one/build/articubot_one': CMAKE_PREFIX_PATH=/opt/ros/foxy /usr/bin/cmake --install /home/pan/dev_ws/articubot_one/build/articubot_one
[0.653s] -- Install configuration: ""
[0.654s] -- Execute custom install script
[0.654s] -- Symlinking: /home/pan/dev_ws/articubot_one/install/articubot_one/share/articubot_one/config/ball_tracker_params_robot.yaml
[0.674s] -- Symlinking: /home/pan/dev_ws/articubot_one/install/articubot_one/share/articubot_one/config/ball_tracker_params_sim.yaml
[0.686s] -- Symlinking: /home/pan/dev_ws/articubot_one/install/articubot_one/share/articubot_one/config/drive_bot.rviz
[0.699s] -- Symlinking: /home/pan/dev_ws/articubot_one/install/articubot_one/share/articubot_one/config/empty.yaml
[0.713s] -- Symlinking: /home/pan/dev_ws/articubot_one/install/articubot_one/share/articubot_one/config/gaz_ros2_ctl_use_sim.yaml
[0.720s] -- Symlinking: /home/pan/dev_ws/articubot_one/install/articubot_one/share/articubot_one/config/gazebo_params.yaml
[0.732s] -- Symlinking: /home/pan/dev_ws/articubot_one/install/articubot_one/share/articubot_one/config/joystick.yaml
[0.744s] -- Symlinking: /home/pan/dev_ws/articubot_one/install/articubot_one/share/articubot_one/config/main.rviz
[0.753s] -- Symlinking: /home/pan/dev_ws/articubot_one/install/articubot_one/share/articubot_one/config/map.rviz
[0.763s] -- Symlinking: /home/pan/dev_ws/articubot_one/install/articubot_one/share/articubot_one/config/mapper_params_online_async.yaml
[0.773s] -- Symlinking: /home/pan/dev_ws/articubot_one/install/articubot_one/share/articubot_one/config/my_controllers.yaml
[0.784s] -- Symlinking: /home/pan/dev_ws/articubot_one/install/articubot_one/share/articubot_one/config/nav2_params.yaml
[0.790s] -- Symlinking: /home/pan/dev_ws/articubot_one/install/articubot_one/share/articubot_one/config/twist_mux.yaml
[0.804s] -- Symlinking: /home/pan/dev_ws/articubot_one/install/articubot_one/share/articubot_one/config/view_bot.rviz
[0.831s] -- Symlinking: /home/pan/dev_ws/articubot_one/install/articubot_one/share/articubot_one/description/camera.xacro
[0.840s] -- Symlinking: /home/pan/dev_ws/articubot_one/install/articubot_one/share/articubot_one/description/depth_camera.xacro
[0.850s] -- Symlinking: /home/pan/dev_ws/articubot_one/install/articubot_one/share/articubot_one/description/face.xacro
[0.859s] -- Symlinking: /home/pan/dev_ws/articubot_one/install/articubot_one/share/articubot_one/description/gazebo_control.xacro
[0.877s] -- Symlinking: /home/pan/dev_ws/articubot_one/install/articubot_one/share/articubot_one/description/inertial_macros.xacro
[0.878s] -- Symlinking: /home/pan/dev_ws/articubot_one/install/articubot_one/share/articubot_one/description/lidar.xacro
[0.886s] -- Symlinking: /home/pan/dev_ws/articubot_one/install/articubot_one/share/articubot_one/description/robot.urdf.xacro
[0.909s] -- Symlinking: /home/pan/dev_ws/articubot_one/install/articubot_one/share/articubot_one/description/robot_core.xacro
[0.909s] -- Symlinking: /home/pan/dev_ws/articubot_one/install/articubot_one/share/articubot_one/description/ros2_control.xacro
[0.921s] -- Symlinking: /home/pan/dev_ws/articubot_one/install/articubot_one/share/articubot_one/launch/ball_tracker.launch.py
[0.921s] -- Symlinking: /home/pan/dev_ws/articubot_one/install/articubot_one/share/articubot_one/launch/camera.launch.py
[0.929s] -- Symlinking: /home/pan/dev_ws/articubot_one/install/articubot_one/share/articubot_one/launch/joystick.launch.py
[0.942s] -- Symlinking: /home/pan/dev_ws/articubot_one/install/articubot_one/share/articubot_one/launch/launch_robot.launch.py
[0.955s] -- Symlinking: /home/pan/dev_ws/articubot_one/install/articubot_one/share/articubot_one/launch/launch_sim.launch.py
[0.977s] -- Symlinking: /home/pan/dev_ws/articubot_one/install/articubot_one/share/articubot_one/launch/localization_launch.py
[0.982s] -- Symlinking: /home/pan/dev_ws/articubot_one/install/articubot_one/share/articubot_one/launch/navigation_launch.py
[0.994s] -- Symlinking: /home/pan/dev_ws/articubot_one/install/articubot_one/share/articubot_one/launch/online_async_launch.py
[1.010s] -- Symlinking: /home/pan/dev_ws/articubot_one/install/articubot_one/share/articubot_one/launch/rplidar.launch.py
[1.018s] -- Symlinking: /home/pan/dev_ws/articubot_one/install/articubot_one/share/articubot_one/launch/rsp.launch.py
[1.027s] -- Symlinking: /home/pan/dev_ws/articubot_one/install/articubot_one/share/articubot_one/worlds/empty.world
[1.043s] -- Symlinking: /home/pan/dev_ws/articubot_one/install/articubot_one/share/articubot_one/worlds/obstacles.world
[1.047s] -- Symlinking: /home/pan/dev_ws/articubot_one/install/articubot_one/share/ament_index/resource_index/package_run_dependencies/articubot_one
[1.057s] -- Symlinking: /home/pan/dev_ws/articubot_one/install/articubot_one/share/ament_index/resource_index/parent_prefix_path/articubot_one
[1.069s] -- Up-to-date symlink: /home/pan/dev_ws/articubot_one/install/articubot_one/share/articubot_one/environment/ament_prefix_path.sh
[1.069s] -- Symlinking: /home/pan/dev_ws/articubot_one/install/articubot_one/share/articubot_one/environment/ament_prefix_path.dsv
[1.079s] -- Up-to-date symlink: /home/pan/dev_ws/articubot_one/install/articubot_one/share/articubot_one/environment/path.sh
[1.080s] -- Symlinking: /home/pan/dev_ws/articubot_one/install/articubot_one/share/articubot_one/environment/path.dsv
[1.094s] -- Symlinking: /home/pan/dev_ws/articubot_one/install/articubot_one/share/articubot_one/local_setup.bash
[1.099s] -- Symlinking: /home/pan/dev_ws/articubot_one/install/articubot_one/share/articubot_one/local_setup.sh
[1.109s] -- Symlinking: /home/pan/dev_ws/articubot_one/install/articubot_one/share/articubot_one/local_setup.zsh
[1.119s] -- Symlinking: /home/pan/dev_ws/articubot_one/install/articubot_one/share/articubot_one/local_setup.dsv
[1.128s] -- Symlinking: /home/pan/dev_ws/articubot_one/install/articubot_one/share/articubot_one/package.dsv
[1.138s] -- Symlinking: /home/pan/dev_ws/articubot_one/install/articubot_one/share/ament_index/resource_index/packages/articubot_one
[1.150s] -- Symlinking: /home/pan/dev_ws/articubot_one/install/articubot_one/share/articubot_one/cmake/articubot_oneConfig.cmake
[1.159s] -- Symlinking: /home/pan/dev_ws/articubot_one/install/articubot_one/share/articubot_one/cmake/articubot_oneConfig-version.cmake
[1.169s] -- Symlinking: /home/pan/dev_ws/articubot_one/install/articubot_one/share/articubot_one/package.xml
[1.182s] Invoked command in '/home/pan/dev_ws/articubot_one/build/articubot_one' returned '0': CMAKE_PREFIX_PATH=/opt/ros/foxy /usr/bin/cmake --install /home/pan/dev_ws/articubot_one/build/articubot_one
